0 info it worked if it ends with ok
1 verbose cli [ 'C:\\Program Files (x86)\\nodejs\\\\node.exe',
1 verbose cli   'C:\\Program Files (x86)\\nodejs\\node_modules\\npm\\bin\\npm-cli.js',
1 verbose cli   'install',
1 verbose cli   '-save',
1 verbose cli   'pcap' ]
2 info using npm@2.5.1
3 info using node@v0.12.0
4 verbose node symlink C:\Program Files (x86)\nodejs\\node.exe
5 silly cache add args [ 'pcap', null ]
6 verbose cache add spec pcap
7 silly cache add parsed spec { raw: 'pcap',
7 silly cache add   scope: null,
7 silly cache add   name: 'pcap',
7 silly cache add   rawSpec: '',
7 silly cache add   spec: '*',
7 silly cache add   type: 'range' }
8 verbose addNamed pcap@*
9 silly addNamed semver.valid null
10 silly addNamed semver.validRange *
11 silly addNameRange { name: 'pcap', range: '*', hasData: false }
12 silly mapToRegistry name pcap
13 silly mapToRegistry using default registry
14 silly mapToRegistry registry https://registry.npmjs.org/
15 silly mapToRegistry uri https://registry.npmjs.org/pcap
16 verbose addNameRange registry:https://registry.npmjs.org/pcap not in flight; fetching
17 verbose request uri https://registry.npmjs.org/pcap
18 verbose request no auth needed
19 info attempt registry request try #1 at 5:17:46 PM
20 verbose request id 586b4de54a988ff4
21 http request GET https://registry.npmjs.org/pcap
22 http 200 https://registry.npmjs.org/pcap
23 silly get cb [ 200,
23 silly get   { date: 'Sun, 08 Mar 2015 01:17:43 GMT',
23 silly get     server: 'CouchDB/1.6.1 (Erlang OTP/R14B04)',
23 silly get     etag: '"57QEX9JPVDATKQ6B1T1DZMUS2"',
23 silly get     'content-type': 'application/json',
23 silly get     'cache-control': 'max-age=60',
23 silly get     'content-length': '44430',
23 silly get     'accept-ranges': 'bytes',
23 silly get     via: '1.1 varnish',
23 silly get     age: '0',
23 silly get     'x-served-by': 'cache-lax1432-LAX',
23 silly get     'x-cache': 'MISS',
23 silly get     'x-cache-hits': '0',
23 silly get     'x-timer': 'S1425777462.950495,VS0,VE219',
23 silly get     vary: 'Accept',
23 silly get     'keep-alive': 'timeout=10, max=50',
23 silly get     connection: 'Keep-Alive' } ]
24 verbose get saving pcap to C:\Users\User\AppData\Roaming\npm-cache\registry.npmjs.org\pcap\.cache.json
25 silly addNameRange number 2 { name: 'pcap', range: '*', hasData: true }
26 silly addNameRange versions [ 'pcap',
26 silly addNameRange   [ '0.0.2',
26 silly addNameRange     '0.0.3',
26 silly addNameRange     '0.0.4',
26 silly addNameRange     '0.0.5',
26 silly addNameRange     '0.0.6',
26 silly addNameRange     '0.0.7',
26 silly addNameRange     '0.1.1',
26 silly addNameRange     '0.1.4',
26 silly addNameRange     '0.1.5',
26 silly addNameRange     '0.1.6',
26 silly addNameRange     '0.1.7',
26 silly addNameRange     '0.1.8',
26 silly addNameRange     '0.1.9',
26 silly addNameRange     '0.2.0',
26 silly addNameRange     '0.2.1',
26 silly addNameRange     '0.2.2',
26 silly addNameRange     '0.2.3',
26 silly addNameRange     '0.2.4',
26 silly addNameRange     '0.2.6',
26 silly addNameRange     '0.2.7',
26 silly addNameRange     '0.2.8',
26 silly addNameRange     '0.3.0',
26 silly addNameRange     '0.3.1',
26 silly addNameRange     '0.3.2',
26 silly addNameRange     '0.3.3',
26 silly addNameRange     '0.4.0',
26 silly addNameRange     '0.4.1',
26 silly addNameRange     '1.0.0',
26 silly addNameRange     '1.0.1',
26 silly addNameRange     '1.1.0',
26 silly addNameRange     '1.2.0',
26 silly addNameRange     '2.0.0',
26 silly addNameRange     '2.0.1' ] ]
27 verbose addNamed pcap@2.0.1
28 silly addNamed semver.valid 2.0.1
29 silly addNamed semver.validRange 2.0.1
30 silly mapToRegistry name pcap
31 silly mapToRegistry using default registry
32 silly mapToRegistry registry https://registry.npmjs.org/
33 silly mapToRegistry uri https://registry.npmjs.org/pcap
34 verbose addRemoteTarball https://registry.npmjs.org/pcap/-/pcap-2.0.1.tgz not in flight; adding
35 verbose addRemoteTarball [ 'https://registry.npmjs.org/pcap/-/pcap-2.0.1.tgz',
35 verbose addRemoteTarball   '1c516248117a7a1ecadb39819477947645a87730' ]
36 info retry fetch attempt 1 at 5:17:46 PM
37 info attempt registry request try #1 at 5:17:46 PM
38 http fetch GET https://registry.npmjs.org/pcap/-/pcap-2.0.1.tgz
39 http fetch 200 https://registry.npmjs.org/pcap/-/pcap-2.0.1.tgz
40 silly fetchAndShaCheck shasum 1c516248117a7a1ecadb39819477947645a87730
41 verbose addTmpTarball C:\Users\User\AppData\Local\Temp\npm-13552-29db5570\registry.npmjs.org\pcap\-\pcap-2.0.1.tgz not in flight; adding
42 verbose addTmpTarball already have metadata; skipping unpack for pcap@2.0.1
43 silly cache afterAdd pcap@2.0.1
44 verbose afterAdd C:\Users\User\AppData\Roaming\npm-cache\pcap\2.0.1\package\package.json not in flight; writing
45 verbose afterAdd C:\Users\User\AppData\Roaming\npm-cache\pcap\2.0.1\package\package.json written
46 silly install resolved [ { name: 'pcap',
46 silly install resolved     version: '2.0.1',
46 silly install resolved     description: 'raw packet capture, decoding, and analysis',
46 silly install resolved     author: { name: 'Matt Ranney', email: 'mjr@ranney.com' },
46 silly install resolved     main: './pcap',
46 silly install resolved     repository: { type: 'git', url: 'git://github.com/mranney/node_pcap.git' },
46 silly install resolved     dependencies:
46 silly install resolved      { nan: '~1.6.1',
46 silly install resolved        socketwatcher: 'git://github.com/zerouid/node-socketwatcher.git' },
46 silly install resolved     scripts: { install: 'node-gyp rebuild' },
46 silly install resolved     gypfile: true,
46 silly install resolved     gitHead: 'cf5f918eb50b893112de9cb40721b19d77c1392d',
46 silly install resolved     bugs: { url: 'https://github.com/mranney/node_pcap/issues' },
46 silly install resolved     homepage: 'https://github.com/mranney/node_pcap',
46 silly install resolved     _id: 'pcap@2.0.1',
46 silly install resolved     _shasum: '1c516248117a7a1ecadb39819477947645a87730',
46 silly install resolved     _from: 'pcap@*',
46 silly install resolved     _npmVersion: '2.4.1',
46 silly install resolved     _nodeVersion: '0.10.32',
46 silly install resolved     _npmUser: { name: 'mjr', email: 'mjr@ranney.com' },
46 silly install resolved     maintainers: [ [Object], [Object] ],
46 silly install resolved     dist:
46 silly install resolved      { shasum: '1c516248117a7a1ecadb39819477947645a87730',
46 silly install resolved        tarball: 'http://registry.npmjs.org/pcap/-/pcap-2.0.1.tgz' },
46 silly install resolved     directories: {},
46 silly install resolved     _resolved: 'https://registry.npmjs.org/pcap/-/pcap-2.0.1.tgz' } ]
47 info install pcap@2.0.1 into T:\GitHub\8005-Assignment-3
48 info installOne pcap@2.0.1
49 verbose installOne of pcap to T:\GitHub\8005-Assignment-3 not in flight; installing
50 verbose lock using C:\Users\User\AppData\Roaming\npm-cache\_locks\pcap-70ee59b793bfe045.lock for T:\GitHub\8005-Assignment-3\node_modules\pcap
51 silly install write writing pcap 2.0.1 to T:\GitHub\8005-Assignment-3\node_modules\pcap
52 silly cache addNamed cb pcap@2.0.1
53 verbose unbuild node_modules\pcap
54 verbose gentlyRm vacuuming T:\GitHub\8005-Assignment-3\node_modules\pcap
55 verbose tar unpack C:\Users\User\AppData\Roaming\npm-cache\pcap\2.0.1\package.tgz
56 verbose tar unpacking to T:\GitHub\8005-Assignment-3\node_modules\pcap
57 verbose gentlyRm vacuuming T:\GitHub\8005-Assignment-3\node_modules\pcap
58 silly gunzTarPerm modes [ '777', '666' ]
59 silly gunzTarPerm extractEntry package.json
60 silly gunzTarPerm modified mode [ 'package.json', 420, 438 ]
61 silly gunzTarPerm extractEntry .npmignore
62 silly gunzTarPerm modified mode [ '.npmignore', 420, 438 ]
63 silly gunzTarPerm extractEntry README.md
64 silly gunzTarPerm modified mode [ 'README.md', 420, 438 ]
65 silly gunzTarPerm extractEntry util.js
66 silly gunzTarPerm modified mode [ 'util.js', 420, 438 ]
67 silly gunzTarPerm extractEntry dns_cache.js
68 silly gunzTarPerm modified mode [ 'dns_cache.js', 420, 438 ]
69 silly gunzTarPerm extractEntry pcap.js
70 silly gunzTarPerm modified mode [ 'pcap.js', 420, 438 ]
71 silly gunzTarPerm extractEntry tcp_tracker.js
72 silly gunzTarPerm modified mode [ 'tcp_tracker.js', 420, 438 ]
73 silly gunzTarPerm extractEntry test.js
74 silly gunzTarPerm modified mode [ 'test.js', 420, 438 ]
75 silly gunzTarPerm extractEntry changelog.md
76 silly gunzTarPerm modified mode [ 'changelog.md', 420, 438 ]
77 silly gunzTarPerm extractEntry decode/arp.js
78 silly gunzTarPerm modified mode [ 'decode/arp.js', 420, 438 ]
79 silly gunzTarPerm extractEntry decode/ipv4_addr.js
80 silly gunzTarPerm modified mode [ 'decode/ipv4_addr.js', 420, 438 ]
81 silly gunzTarPerm extractEntry decode/ipv6.js
82 silly gunzTarPerm modified mode [ 'decode/ipv6.js', 420, 438 ]
83 silly gunzTarPerm extractEntry decode/ipv6_addr.js
84 silly gunzTarPerm modified mode [ 'decode/ipv6_addr.js', 420, 438 ]
85 silly gunzTarPerm extractEntry decode/ipv4.js
86 silly gunzTarPerm modified mode [ 'decode/ipv4.js', 420, 438 ]
87 silly gunzTarPerm extractEntry decode/null_packet.js
88 silly gunzTarPerm modified mode [ 'decode/null_packet.js', 420, 438 ]
89 silly gunzTarPerm extractEntry decode/pcap_packet.js
90 silly gunzTarPerm modified mode [ 'decode/pcap_packet.js', 420, 438 ]
91 silly gunzTarPerm extractEntry decode/radio_frame.js
92 silly gunzTarPerm modified mode [ 'decode/radio_frame.js', 420, 438 ]
93 silly gunzTarPerm extractEntry decode/radio_packet.js
94 silly gunzTarPerm modified mode [ 'decode/radio_packet.js', 420, 438 ]
95 silly gunzTarPerm extractEntry decode/raw_packet.js
96 silly gunzTarPerm modified mode [ 'decode/raw_packet.js', 420, 438 ]
97 silly gunzTarPerm extractEntry decode/index.js
98 silly gunzTarPerm modified mode [ 'decode/index.js', 420, 438 ]
99 silly gunzTarPerm extractEntry decode/sll_addr.js
100 silly gunzTarPerm modified mode [ 'decode/sll_addr.js', 420, 438 ]
101 silly gunzTarPerm extractEntry decode/igmp.js
102 silly gunzTarPerm modified mode [ 'decode/igmp.js', 420, 438 ]
103 silly gunzTarPerm extractEntry decode/sll_packet.js
104 silly gunzTarPerm modified mode [ 'decode/sll_packet.js', 420, 438 ]
105 silly gunzTarPerm extractEntry decode/icmp.js
106 silly gunzTarPerm modified mode [ 'decode/icmp.js', 420, 438 ]
107 silly gunzTarPerm extractEntry decode/tcp.js
108 silly gunzTarPerm modified mode [ 'decode/tcp.js', 420, 438 ]
109 silly gunzTarPerm extractEntry decode/ethernet_packet.js
110 silly gunzTarPerm modified mode [ 'decode/ethernet_packet.js', 420, 438 ]
111 silly gunzTarPerm extractEntry decode/udp.js
112 silly gunzTarPerm modified mode [ 'decode/udp.js', 420, 438 ]
113 silly gunzTarPerm extractEntry decode/ethernet_addr.js
114 silly gunzTarPerm modified mode [ 'decode/ethernet_addr.js', 420, 438 ]
115 silly gunzTarPerm extractEntry decode/vlan.js
116 silly gunzTarPerm modified mode [ 'decode/vlan.js', 420, 438 ]
117 silly gunzTarPerm extractEntry decode/dns.js
118 silly gunzTarPerm modified mode [ 'decode/dns.js', 420, 438 ]
119 silly gunzTarPerm extractEntry decode/websocket.js
120 silly gunzTarPerm modified mode [ 'decode/websocket.js', 420, 438 ]
121 silly gunzTarPerm extractEntry decode/llc_packet.js
122 silly gunzTarPerm modified mode [ 'decode/llc_packet.js', 420, 438 ]
123 silly gunzTarPerm extractEntry .jshintrc
124 silly gunzTarPerm modified mode [ '.jshintrc', 420, 438 ]
125 silly gunzTarPerm extractEntry node_ko_article.md
126 silly gunzTarPerm modified mode [ 'node_ko_article.md', 420, 438 ]
127 silly gunzTarPerm extractEntry test.js~
128 silly gunzTarPerm modified mode [ 'test.js~', 420, 438 ]
129 silly gunzTarPerm extractEntry .jshintrc~
130 silly gunzTarPerm modified mode [ '.jshintrc~', 420, 438 ]
131 silly gunzTarPerm extractEntry pcap_binding.cc
132 silly gunzTarPerm modified mode [ 'pcap_binding.cc', 420, 438 ]
133 silly gunzTarPerm extractEntry pcap_session.cc
134 silly gunzTarPerm modified mode [ 'pcap_session.cc', 420, 438 ]
135 silly gunzTarPerm extractEntry pcap_session.h
136 silly gunzTarPerm modified mode [ 'pcap_session.h', 420, 438 ]
137 silly gunzTarPerm extractEntry binding.gyp
138 silly gunzTarPerm modified mode [ 'binding.gyp', 420, 438 ]
139 silly gunzTarPerm extractEntry examples/decode_bench.js
140 silly gunzTarPerm modified mode [ 'examples/decode_bench.js', 493, 511 ]
141 silly gunzTarPerm extractEntry examples/network_grep.js
142 silly gunzTarPerm modified mode [ 'examples/network_grep.js', 420, 438 ]
143 silly gunzTarPerm extractEntry examples/jquery.min.js
144 silly gunzTarPerm modified mode [ 'examples/jquery.min.js', 420, 438 ]
145 silly gunzTarPerm extractEntry examples/jquery.flot.js
146 silly gunzTarPerm modified mode [ 'examples/jquery.flot.js', 420, 438 ]
147 silly gunzTarPerm extractEntry examples/dns.js
148 silly gunzTarPerm modified mode [ 'examples/dns.js', 420, 438 ]
149 silly gunzTarPerm extractEntry examples/inject.js
150 silly gunzTarPerm modified mode [ 'examples/inject.js', 420, 438 ]
151 silly gunzTarPerm extractEntry examples/multiple_interfaces
152 silly gunzTarPerm modified mode [ 'examples/multiple_interfaces', 493, 511 ]
153 silly gunzTarPerm extractEntry examples/favicon.ico
154 silly gunzTarPerm modified mode [ 'examples/favicon.ico', 420, 438 ]
155 silly gunzTarPerm extractEntry examples/index.html
156 silly gunzTarPerm modified mode [ 'examples/index.html', 420, 438 ]
157 silly gunzTarPerm extractEntry examples/dns3.pcap
158 silly gunzTarPerm modified mode [ 'examples/dns3.pcap', 420, 438 ]
159 silly gunzTarPerm extractEntry examples/dns2.pcap
160 silly gunzTarPerm modified mode [ 'examples/dns2.pcap', 420, 438 ]
161 silly gunzTarPerm extractEntry examples/dns.pcap
162 silly gunzTarPerm modified mode [ 'examples/dns.pcap', 420, 438 ]
163 silly gunzTarPerm extractEntry examples/http_trace
164 silly gunzTarPerm modified mode [ 'examples/http_trace', 493, 511 ]
165 silly gunzTarPerm extractEntry examples/dns.js~
166 silly gunzTarPerm modified mode [ 'examples/dns.js~', 420, 438 ]
167 silly gunzTarPerm extractEntry examples/one.pcap
168 silly gunzTarPerm modified mode [ 'examples/one.pcap', 420, 438 ]
169 silly gunzTarPerm extractEntry examples/simple_capture
170 silly gunzTarPerm modified mode [ 'examples/simple_capture', 493, 511 ]
171 silly gunzTarPerm extractEntry examples/speed_server
172 silly gunzTarPerm modified mode [ 'examples/speed_server', 493, 511 ]
173 silly gunzTarPerm extractEntry examples/tcp_metrics
174 silly gunzTarPerm modified mode [ 'examples/tcp_metrics', 493, 511 ]
175 info preinstall pcap@2.0.1
176 silly prepareForInstallMany adding nan@~1.6.1 from pcap dependencies
177 silly prepareForInstallMany adding socketwatcher@git://github.com/zerouid/node-socketwatcher.git from pcap dependencies
178 silly cache add args [ 'nan@~1.6.1', null ]
179 verbose cache add spec nan@~1.6.1
180 silly cache add args [ 'socketwatcher@git://github.com/zerouid/node-socketwatcher.git',
180 silly cache add   null ]
181 verbose cache add spec socketwatcher@git://github.com/zerouid/node-socketwatcher.git
182 silly cache add parsed spec { raw: 'nan@~1.6.1',
182 silly cache add   scope: null,
182 silly cache add   name: 'nan',
182 silly cache add   rawSpec: '~1.6.1',
182 silly cache add   spec: '>=1.6.1 <1.7.0',
182 silly cache add   type: 'range' }
183 verbose addNamed nan@>=1.6.1 <1.7.0
184 silly addNamed semver.valid null
185 silly addNamed semver.validRange >=1.6.1 <1.7.0
186 silly addNameRange { name: 'nan', range: '>=1.6.1 <1.7.0', hasData: false }
187 silly mapToRegistry name nan
188 silly mapToRegistry using default registry
189 silly mapToRegistry registry https://registry.npmjs.org/
190 silly mapToRegistry uri https://registry.npmjs.org/nan
191 verbose addNameRange registry:https://registry.npmjs.org/nan not in flight; fetching
192 silly cache add parsed spec { raw: 'socketwatcher@git://github.com/zerouid/node-socketwatcher.git',
192 silly cache add   scope: null,
192 silly cache add   name: 'socketwatcher',
192 silly cache add   rawSpec: 'git://github.com/zerouid/node-socketwatcher.git',
192 silly cache add   spec: 'git://github.com/zerouid/node-socketwatcher.git',
192 silly cache add   type: 'git' }
193 verbose addRemoteGit u="git://github.com/zerouid/node-socketwatcher.git" silent=false
194 silly addRemoteGit normalized { url: 'git://github.com/zerouid/node-socketwatcher.git',
194 silly addRemoteGit   branch: 'master' }
195 silly addRemoteGit v git-github-com-zerouid-node-socketwatcher-git-a1e57e3d
196 verbose addRemoteGit C:\Users\User\AppData\Roaming\npm-cache\_git-remotes\git-github-com-zerouid-node-socketwatcher-git-a1e57e3d not in flight; cloning
197 verbose request uri https://registry.npmjs.org/nan
198 verbose request no auth needed
199 info attempt registry request try #1 at 5:17:47 PM
200 http request GET https://registry.npmjs.org/nan
201 info git [ 'clone',
201 info git   '--template=C:\\Users\\User\\AppData\\Roaming\\npm-cache\\_git-remotes\\_templates',
201 info git   '--mirror',
201 info git   'git://github.com/zerouid/node-socketwatcher.git',
201 info git   'C:\\Users\\User\\AppData\\Roaming\\npm-cache\\_git-remotes\\git-github-com-zerouid-node-socketwatcher-git-a1e57e3d' ]
202 http 200 https://registry.npmjs.org/nan
203 silly get cb [ 200,
203 silly get   { date: 'Sun, 08 Mar 2015 01:17:44 GMT',
203 silly get     server: 'CouchDB/1.5.0 (Erlang OTP/R16B03)',
203 silly get     etag: '"12EHA1PNRCCAOAQY0AIBQ9ET9"',
203 silly get     'content-type': 'application/json',
203 silly get     'cache-control': 'max-age=60',
203 silly get     'content-length': '101336',
203 silly get     'accept-ranges': 'bytes',
203 silly get     via: '1.1 varnish',
203 silly get     age: '31',
203 silly get     'x-served-by': 'cache-lax1423-LAX',
203 silly get     'x-cache': 'HIT',
203 silly get     'x-cache-hits': '20',
203 silly get     'x-timer': 'S1425777464.492742,VS0,VE0',
203 silly get     vary: 'Accept',
203 silly get     'keep-alive': 'timeout=10, max=50',
203 silly get     connection: 'Keep-Alive' } ]
204 verbose get saving nan to C:\Users\User\AppData\Roaming\npm-cache\registry.npmjs.org\nan\.cache.json
205 silly addNameRange number 2 { name: 'nan', range: '>=1.6.1 <1.7.0', hasData: true }
206 silly addNameRange versions [ 'nan',
206 silly addNameRange   [ '0.3.0-wip',
206 silly addNameRange     '0.3.0-wip2',
206 silly addNameRange     '0.3.0',
206 silly addNameRange     '0.3.1',
206 silly addNameRange     '0.3.2',
206 silly addNameRange     '0.4.0',
206 silly addNameRange     '0.4.1',
206 silly addNameRange     '0.4.2',
206 silly addNameRange     '0.4.3',
206 silly addNameRange     '0.4.4',
206 silly addNameRange     '0.5.0',
206 silly addNameRange     '0.5.1',
206 silly addNameRange     '0.5.2',
206 silly addNameRange     '0.6.0',
206 silly addNameRange     '0.7.0',
206 silly addNameRange     '0.7.1',
206 silly addNameRange     '0.8.0',
206 silly addNameRange     '1.0.0',
206 silly addNameRange     '1.1.0',
206 silly addNameRange     '1.1.1',
206 silly addNameRange     '1.1.2',
206 silly addNameRange     '1.2.0',
206 silly addNameRange     '1.3.0',
206 silly addNameRange     '1.4.0',
206 silly addNameRange     '1.4.1',
206 silly addNameRange     '1.5.0',
206 silly addNameRange     '1.4.2',
206 silly addNameRange     '1.4.3',
206 silly addNameRange     '1.5.1',
206 silly addNameRange     '1.5.2',
206 silly addNameRange     '1.6.0',
206 silly addNameRange     '1.5.3',
206 silly addNameRange     '1.6.1',
206 silly addNameRange     '1.6.2',
206 silly addNameRange     '1.7.0' ] ]
207 verbose addNamed nan@1.6.2
208 silly addNamed semver.valid 1.6.2
209 silly addNamed semver.validRange 1.6.2
210 silly mapToRegistry name nan
211 silly mapToRegistry using default registry
212 silly mapToRegistry registry https://registry.npmjs.org/
213 silly mapToRegistry uri https://registry.npmjs.org/nan
214 verbose addRemoteTarball https://registry.npmjs.org/nan/-/nan-1.6.2.tgz not in flight; adding
215 verbose addRemoteTarball [ 'https://registry.npmjs.org/nan/-/nan-1.6.2.tgz',
215 verbose addRemoteTarball   '2657d1c43b00f1e847e083832285b7d8f5ba8ec8' ]
216 info retry fetch attempt 1 at 5:17:48 PM
217 info attempt registry request try #1 at 5:17:48 PM
218 http fetch GET https://registry.npmjs.org/nan/-/nan-1.6.2.tgz
219 http fetch 200 https://registry.npmjs.org/nan/-/nan-1.6.2.tgz
220 silly fetchAndShaCheck shasum 2657d1c43b00f1e847e083832285b7d8f5ba8ec8
221 verbose addTmpTarball C:\Users\User\AppData\Local\Temp\npm-13552-29db5570\registry.npmjs.org\nan\-\nan-1.6.2.tgz not in flight; adding
222 verbose addTmpTarball already have metadata; skipping unpack for nan@1.6.2
223 silly cache afterAdd nan@1.6.2
224 verbose afterAdd C:\Users\User\AppData\Roaming\npm-cache\nan\1.6.2\package\package.json not in flight; writing
225 verbose afterAdd C:\Users\User\AppData\Roaming\npm-cache\nan\1.6.2\package\package.json written
226 verbose git clone git://github.com/zerouid/node-socketwatcher.git Cloning into bare repository 'C:\Users\User\AppData\Roaming\npm-cache\_git-remotes\git-github-com-zerouid-node-socketwatcher-git-a1e57e3d'...
227 info git [ 'fetch', '-a', 'origin' ]
228 verbose git fetch -a origin (git://github.com/zerouid/node-socketwatcher.git)
229 silly verifyOwnership skipping for windows
230 info git [ 'rev-list', '-n1', 'master' ]
231 verbose git rev-list -n1 master 7dbce67cf46de4e6350fc9fb1203f5049ed336b8
232 verbose resolved git url git://github.com/zerouid/node-socketwatcher.git#7dbce67cf46de4e6350fc9fb1203f5049ed336b8
233 info git [ 'clone',
233 info git   'C:\\Users\\User\\AppData\\Roaming\\npm-cache\\_git-remotes\\git-github-com-zerouid-node-socketwatcher-git-a1e57e3d',
233 info git   'C:\\Users\\User\\AppData\\Local\\Temp\\npm-13552-29db5570\\git-cache-50442d8a33bb\\7dbce67cf46de4e6350fc9fb1203f5049ed336b8' ]
234 verbose git clone from C:\Users\User\AppData\Roaming\npm-cache\_git-remotes\git-github-com-zerouid-node-socketwatcher-git-a1e57e3d
235 verbose git clone Cloning into 'C:\Users\User\AppData\Local\Temp\npm-13552-29db5570\git-cache-50442d8a33bb\7dbce67cf46de4e6350fc9fb1203f5049ed336b8'...
235 verbose git clone done.
236 info git [ 'checkout', '7dbce67cf46de4e6350fc9fb1203f5049ed336b8' ]
237 verbose git checkout Note: checking out '7dbce67cf46de4e6350fc9fb1203f5049ed336b8'.
237 verbose git checkout
237 verbose git checkout You are in 'detached HEAD' state. You can look around, make experimental
237 verbose git checkout changes and commit them, and you can discard any commits you make in this
237 verbose git checkout state without impacting any branches by performing another checkout.
237 verbose git checkout
237 verbose git checkout If you want to create a new branch to retain commits you create, you may
237 verbose git checkout do so (now or later) by using -b with the checkout command again. Example:
237 verbose git checkout
237 verbose git checkout   git checkout -b new_branch_name
237 verbose git checkout
237 verbose git checkout HEAD is now at 7dbce67... fixed nan dependency
238 verbose addLocalDirectory C:\Users\User\AppData\Roaming\npm-cache\socketwatcher\0.2.1\package.tgz not in flight; packing
239 verbose tar pack [ 'C:\\Users\\User\\AppData\\Roaming\\npm-cache\\socketwatcher\\0.2.1\\package.tgz',
239 verbose tar pack   'C:\\Users\\User\\AppData\\Local\\Temp\\npm-13552-29db5570\\git-cache-50442d8a33bb\\7dbce67cf46de4e6350fc9fb1203f5049ed336b8' ]
240 verbose tarball C:\Users\User\AppData\Roaming\npm-cache\socketwatcher\0.2.1\package.tgz
241 verbose folder C:\Users\User\AppData\Local\Temp\npm-13552-29db5570\git-cache-50442d8a33bb\7dbce67cf46de4e6350fc9fb1203f5049ed336b8
242 verbose addLocalTarball adding from inside cache C:\Users\User\AppData\Roaming\npm-cache\socketwatcher\0.2.1\package.tgz
243 silly cache afterAdd socketwatcher@0.2.1
244 verbose afterAdd C:\Users\User\AppData\Roaming\npm-cache\socketwatcher\0.2.1\package\package.json not in flight; writing
245 verbose afterAdd C:\Users\User\AppData\Roaming\npm-cache\socketwatcher\0.2.1\package\package.json written
246 silly install resolved [ { name: 'nan',
246 silly install resolved     version: '1.6.2',
246 silly install resolved     description: 'Native Abstractions for Node.js: C++ header for Node 0.8->0.12 compatibility',
246 silly install resolved     main: 'include_dirs.js',
246 silly install resolved     repository: { type: 'git', url: 'git://github.com/rvagg/nan.git' },
246 silly install resolved     scripts:
246 silly install resolved      { test: 'tap --gc test/js/*-test.js',
246 silly install resolved        'rebuild-tests': 'pangyp rebuild --directory test' },
246 silly install resolved     contributors:
246 silly install resolved      [ [Object],
246 silly install resolved        [Object],
246 silly install resolved        [Object],
246 silly install resolved        [Object],
246 silly install resolved        [Object],
246 silly install resolved        [Object],
246 silly install resolved        [Object] ],
246 silly install resolved     devDependencies:
246 silly install resolved      { bindings: '~1.2.1',
246 silly install resolved        'node-gyp': '~1.0.2',
246 silly install resolved        pangyp: '~2.0.1',
246 silly install resolved        tap: '~0.5.0',
246 silly install resolved        xtend: '~4.0.0' },
246 silly install resolved     license: 'MIT',
246 silly install resolved     gitHead: 'ab0e5eed8d4aa36111bf8f44cf75644ece327e98',
246 silly install resolved     bugs: { url: 'https://github.com/rvagg/nan/issues' },
246 silly install resolved     homepage: 'https://github.com/rvagg/nan',
246 silly install resolved     _id: 'nan@1.6.2',
246 silly install resolved     _shasum: '2657d1c43b00f1e847e083832285b7d8f5ba8ec8',
246 silly install resolved     _from: 'nan@>=1.6.1 <1.7.0',
246 silly install resolved     _npmVersion: '2.0.0',
246 silly install resolved     _npmUser: { name: 'kkoopa', email: 'bbyholm@abo.fi' },
246 silly install resolved     maintainers: [ [Object], [Object] ],
246 silly install resolved     dist:
246 silly install resolved      { shasum: '2657d1c43b00f1e847e083832285b7d8f5ba8ec8',
246 silly install resolved        tarball: 'http://registry.npmjs.org/nan/-/nan-1.6.2.tgz' },
246 silly install resolved     directories: {},
246 silly install resolved     _resolved: 'https://registry.npmjs.org/nan/-/nan-1.6.2.tgz' },
246 silly install resolved   { name: 'socketwatcher',
246 silly install resolved     version: '0.2.1',
246 silly install resolved     main: './build/Release/socketwatcher.node',
246 silly install resolved     description: 'Binding for uv_poll and replacement for IOWatcher',
246 silly install resolved     keywords: [ 'IOWatcher', 'uv_poll', 'uv_poll_t', 'file descriptor', 'fd' ],
246 silly install resolved     homepage: 'https://github.com/btrask/node-socketwatcher/',
246 silly install resolved     bugs:
246 silly install resolved      { url: 'https://github.com/btrask/node-socketwatcher/issues',
246 silly install resolved        email: 'bentrastk@comcast.net' },
246 silly install resolved     license: 'MIT',
246 silly install resolved     contributors: [ [Object], [Object] ],
246 silly install resolved     maintainers: [ [Object] ],
246 silly install resolved     engines: { node: '>0.7.9' },
246 silly install resolved     repository:
246 silly install resolved      { type: 'git',
246 silly install resolved        url: 'git://github.com/btrask/node-socketwatcher.git' },
246 silly install resolved     gypfile: true,
246 silly install resolved     dependencies: { nan: '~1.6.1' },
246 silly install resolved     scripts: { install: 'node-gyp rebuild' },
246 silly install resolved     readme: '#SocketWatcher\r\n\r\nSocketWatcher is a JavaScript binding for `uv_poll` based on code by [TobyEalden](https://github.com/TobyEalden) (with permission) for node_mdns. It\'s useful as a drop-in replacement for Node\'s old, private module `IOWatcher`.\r\n\r\nMore information on `uv_poll`:\r\n\r\n- [libuv header (look for `uv_poll_t`)](https://github.com/joyent/libuv/blob/master/include/uv.h)\r\n- [External I/O with polling (libuv docs)](http://nikhilm.github.io/uvbook/utilities.html#external-i-o-with-polling)\r\n- [fs: remove fs.watchFile(), IOWatcher (Node.js bug #3348)](https://github.com/joyent/node/issues/3348)\r\n- [IOWatcher broken since 0.7.9 (Node.js bug #4136)](https://github.com/joyent/node/issues/4136)\r\n\r\n##Installation and use\r\n\r\n```$ npm install socketwatcher```\r\n\r\n```javascript\r\nvar SocketWatcher = require("socketwatcher").SocketWatcher;\r\nvar watcher = new SocketWatcher();\r\nwatcher.callback = function() { [...] };\r\nwatcher.set(fd, read_flag, write_flag);\r\nwatcher.start();\r\n// watcher.stop();\r\n```\r\n\r\nNote: since version 0.2.0, you must use `require("socketwatcher").SocketWatcher`, instead of using the module object directly. Sorry for the inconvenience.\r\n\r\n##Original work\r\n\r\nThe files contributed to node_mdns:\r\n\r\n- [socket_watcher.hpp](https://github.com/agnat/node_mdns/blob/6dbd4619c2fe47a17cbc5d236a8e057eb08a1b41/src/socket_watcher.hpp)\r\n- [socket_watcher.cpp](https://github.com/agnat/node_mdns/blob/6dbd4619c2fe47a17cbc5d236a8e057eb08a1b41/src/socket_watcher.cpp)\r\n\r\n##License\r\n\r\nMIT licensed, see LICENSE.\r\n',
246 silly install resolved     readmeFilename: 'README.md',
246 silly install resolved     gitHead: '7dbce67cf46de4e6350fc9fb1203f5049ed336b8',
246 silly install resolved     _id: 'socketwatcher@0.2.1',
246 silly install resolved     _shasum: '907c06bbb954994af51ade765f91ab35583217eb',
246 silly install resolved     _from: 'C:\\Users\\User\\AppData\\Local\\Temp\\npm-13552-29db5570\\git-cache-50442d8a33bb\\7dbce67cf46de4e6350fc9fb1203f5049ed336b8',
246 silly install resolved     _resolved: 'git://github.com/zerouid/node-socketwatcher.git#7dbce67cf46de4e6350fc9fb1203f5049ed336b8' } ]
247 info install nan@1.6.2 into T:\GitHub\8005-Assignment-3\node_modules\pcap
248 info install socketwatcher@0.2.1 into T:\GitHub\8005-Assignment-3\node_modules\pcap
249 info installOne nan@1.6.2
250 verbose installOne of nan to T:\GitHub\8005-Assignment-3\node_modules\pcap not in flight; installing
251 info installOne socketwatcher@0.2.1
252 verbose installOne of socketwatcher to T:\GitHub\8005-Assignment-3\node_modules\pcap not in flight; installing
253 verbose lock using C:\Users\User\AppData\Roaming\npm-cache\_locks\nan-cfa95fa9c73ecc27.lock for T:\GitHub\8005-Assignment-3\node_modules\pcap\node_modules\nan
254 verbose lock using C:\Users\User\AppData\Roaming\npm-cache\_locks\socketwatcher-8931d2e5dd929194.lock for T:\GitHub\8005-Assignment-3\node_modules\pcap\node_modules\socketwatcher
255 silly install write writing nan 1.6.2 to T:\GitHub\8005-Assignment-3\node_modules\pcap\node_modules\nan
256 silly install write writing socketwatcher 0.2.1 to T:\GitHub\8005-Assignment-3\node_modules\pcap\node_modules\socketwatcher
257 silly cache addNamed cb nan@1.6.2
258 verbose unbuild node_modules\pcap\node_modules\nan
259 verbose gentlyRm vacuuming T:\GitHub\8005-Assignment-3\node_modules\pcap\node_modules\nan
260 silly cache addNamed cb socketwatcher@0.2.1
261 verbose unbuild node_modules\pcap\node_modules\socketwatcher
262 verbose tar unpack C:\Users\User\AppData\Roaming\npm-cache\nan\1.6.2\package.tgz
263 verbose tar unpacking to T:\GitHub\8005-Assignment-3\node_modules\pcap\node_modules\nan
264 verbose gentlyRm vacuuming T:\GitHub\8005-Assignment-3\node_modules\pcap\node_modules\nan
265 silly gunzTarPerm modes [ '777', '666' ]
266 verbose gentlyRm vacuuming T:\GitHub\8005-Assignment-3\node_modules\pcap\node_modules\socketwatcher
267 verbose tar unpack C:\Users\User\AppData\Roaming\npm-cache\socketwatcher\0.2.1\package.tgz
268 verbose tar unpacking to T:\GitHub\8005-Assignment-3\node_modules\pcap\node_modules\socketwatcher
269 verbose gentlyRm vacuuming T:\GitHub\8005-Assignment-3\node_modules\pcap\node_modules\socketwatcher
270 silly gunzTarPerm modes [ '777', '666' ]
271 silly gunzTarPerm extractEntry package.json
272 silly gunzTarPerm modified mode [ 'package.json', 436, 438 ]
273 silly gunzTarPerm extractEntry package.json
274 silly gunzTarPerm extractEntry include_dirs.js
275 silly gunzTarPerm modified mode [ 'include_dirs.js', 436, 438 ]
276 silly gunzTarPerm extractEntry LICENSE.md
277 silly gunzTarPerm modified mode [ 'LICENSE.md', 436, 438 ]
278 silly gunzTarPerm extractEntry .npmignore
279 silly gunzTarPerm extractEntry README.md
280 silly gunzTarPerm extractEntry .dntrc
281 silly gunzTarPerm modified mode [ '.dntrc', 436, 438 ]
282 silly gunzTarPerm extractEntry appveyor.yml
283 silly gunzTarPerm modified mode [ 'appveyor.yml', 436, 438 ]
284 silly gunzTarPerm extractEntry LICENSE
285 silly gunzTarPerm extractEntry binding.gyp
286 silly gunzTarPerm extractEntry nan.h
287 silly gunzTarPerm modified mode [ 'nan.h', 436, 438 ]
288 silly gunzTarPerm extractEntry nan_implementation_12_inl.h
289 silly gunzTarPerm modified mode [ 'nan_implementation_12_inl.h', 436, 438 ]
290 silly gunzTarPerm extractEntry nan_implementation_pre_12_inl.h
291 silly gunzTarPerm modified mode [ 'nan_implementation_pre_12_inl.h', 436, 438 ]
292 silly gunzTarPerm extractEntry nan_new.h
293 silly gunzTarPerm modified mode [ 'nan_new.h', 436, 438 ]
294 silly gunzTarPerm extractEntry nan_string_bytes.h
295 silly gunzTarPerm modified mode [ 'nan_string_bytes.h', 436, 438 ]
296 silly gunzTarPerm extractEntry CHANGELOG.md
297 silly gunzTarPerm modified mode [ 'CHANGELOG.md', 436, 438 ]
298 silly gunzTarPerm extractEntry socket_watcher.cpp
299 silly gunzTarPerm extractEntry socket_watcher.hpp
300 silly gunzTarPerm extractEntry wscript
301 info preinstall socketwatcher@0.2.1
302 silly install resolved []
303 verbose about to build T:\GitHub\8005-Assignment-3\node_modules\pcap\node_modules\socketwatcher
304 info build T:\GitHub\8005-Assignment-3\node_modules\pcap\node_modules\socketwatcher
305 verbose linkStuff [ false,
305 verbose linkStuff   false,
305 verbose linkStuff   false,
305 verbose linkStuff   'T:\\GitHub\\8005-Assignment-3\\node_modules\\pcap\\node_modules' ]
306 info linkStuff socketwatcher@0.2.1
307 verbose linkBins socketwatcher@0.2.1
308 verbose linkMans socketwatcher@0.2.1
309 verbose rebuildBundles socketwatcher@0.2.1
310 info install socketwatcher@0.2.1
311 verbose unsafe-perm in lifecycle true
312 info preinstall nan@1.6.2
313 silly install resolved []
314 verbose about to build T:\GitHub\8005-Assignment-3\node_modules\pcap\node_modules\nan
315 info build T:\GitHub\8005-Assignment-3\node_modules\pcap\node_modules\nan
316 verbose linkStuff [ false,
316 verbose linkStuff   false,
316 verbose linkStuff   false,
316 verbose linkStuff   'T:\\GitHub\\8005-Assignment-3\\node_modules\\pcap\\node_modules' ]
317 info linkStuff nan@1.6.2
318 verbose linkBins nan@1.6.2
319 verbose linkMans nan@1.6.2
320 verbose rebuildBundles nan@1.6.2
321 info install nan@1.6.2
322 info postinstall nan@1.6.2
323 verbose unlock done using C:\Users\User\AppData\Roaming\npm-cache\_locks\nan-cfa95fa9c73ecc27.lock for T:\GitHub\8005-Assignment-3\node_modules\pcap\node_modules\nan
324 info socketwatcher@0.2.1 Failed to exec install script
325 verbose unlock done using C:\Users\User\AppData\Roaming\npm-cache\_locks\socketwatcher-8931d2e5dd929194.lock for T:\GitHub\8005-Assignment-3\node_modules\pcap\node_modules\socketwatcher
326 verbose about to build T:\GitHub\8005-Assignment-3\node_modules\pcap
327 verbose unlock done using C:\Users\User\AppData\Roaming\npm-cache\_locks\pcap-70ee59b793bfe045.lock for T:\GitHub\8005-Assignment-3\node_modules\pcap
328 verbose stack Error: socketwatcher@0.2.1 install: `node-gyp rebuild`
328 verbose stack Exit status 1
328 verbose stack     at EventEmitter.<anonymous> (C:\Program Files (x86)\nodejs\node_modules\npm\lib\utils\lifecycle.js:213:16)
328 verbose stack     at EventEmitter.emit (events.js:110:17)
328 verbose stack     at ChildProcess.<anonymous> (C:\Program Files (x86)\nodejs\node_modules\npm\lib\utils\spawn.js:14:12)
328 verbose stack     at ChildProcess.emit (events.js:110:17)
328 verbose stack     at maybeClose (child_process.js:1008:16)
328 verbose stack     at Process.ChildProcess._handle.onexit (child_process.js:1080:5)
329 verbose pkgid socketwatcher@0.2.1
330 verbose cwd T:\GitHub\8005-Assignment-3
331 error Windows_NT 6.1.7601
332 error argv "C:\\Program Files (x86)\\nodejs\\\\node.exe" "C:\\Program Files (x86)\\nodejs\\node_modules\\npm\\bin\\npm-cli.js" "install" "-save" "pcap"
333 error node v0.12.0
334 error npm  v2.5.1
335 error code ELIFECYCLE
336 error socketwatcher@0.2.1 install: `node-gyp rebuild`
336 error Exit status 1
337 error Failed at the socketwatcher@0.2.1 install script 'node-gyp rebuild'.
337 error This is most likely a problem with the socketwatcher package,
337 error not with npm itself.
337 error Tell the author that this fails on your system:
337 error     node-gyp rebuild
337 error You can get their info via:
337 error     npm owner ls socketwatcher
337 error There is likely additional logging output above.
338 verbose exit [ 1, true ]
339 verbose unbuild node_modules\pcap\node_modules\socketwatcher
340 info preuninstall socketwatcher@0.2.1
341 info uninstall socketwatcher@0.2.1
342 verbose unbuild rmStuff socketwatcher@0.2.1 from T:\GitHub\8005-Assignment-3\node_modules
343 verbose unbuild rmStuff in T:\GitHub\8005-Assignment-3\node_modules\pcap\node_modules
344 info postuninstall socketwatcher@0.2.1
345 verbose gentlyRm vacuuming T:\GitHub\8005-Assignment-3\node_modules\pcap\node_modules\socketwatcher
346 silly gentlyRm purging T:\GitHub\8005-Assignment-3\node_modules\pcap\node_modules\socketwatcher
347 silly gentlyRm quitting because other entries in T:\GitHub\8005-Assignment-3\node_modules\pcap\node_modules
348 verbose unbuild node_modules\pcap
349 info preuninstall pcap@2.0.1
350 info uninstall pcap@2.0.1
351 verbose unbuild rmStuff pcap@2.0.1 from T:\GitHub\8005-Assignment-3\node_modules
352 info postuninstall pcap@2.0.1
353 verbose gentlyRm vacuuming T:\GitHub\8005-Assignment-3\node_modules\pcap
354 silly gentlyRm purging T:\GitHub\8005-Assignment-3\node_modules\pcap
355 silly gentlyRm quitting because other entries in T:\GitHub\8005-Assignment-3\node_modules
